Flow report for top
Mon Dec 11 23:56:01 2023
Quartus II 64-Bit Version 14.1.0 Build 186 12/03/2014 SJ Full Version


---------------------
; Table of Contents ;
---------------------
  1. Legal Notice
  2. Flow Summary
  3. Flow Settings
  4. Flow Non-Default Global Settings
  5. Flow Elapsed Time
  6. Flow OS Summary
  7. Flow Log
  8. Flow Messages
  9. Flow Suppressed Messages



----------------
; Legal Notice ;
----------------
Copyright (C) 1991-2014 Altera Corporation. All rights reserved.
Your use of Altera Corporation's design tools, logic functions 
and other software and tools, and its AMPP partner logic 
functions, and any output files from any of the foregoing 
(including device programming or simulation files), and any 
associated documentation or information are expressly subject 
to the terms and conditions of the Altera Program License 
Subscription Agreement, the Altera Quartus II License Agreement,
the Altera MegaCore Function License Agreement, or other 
applicable license agreement, including, without limitation, 
that your use is for the sole purpose of programming logic 
devices manufactured by Altera and sold by Altera or its 
authorized distributors.  Please refer to the applicable 
agreement for further details.



+-------------------------------------------------------------------------------+
; Flow Summary                                                                  ;
+---------------------------------+---------------------------------------------+
; Flow Status                     ; Successful - Mon Dec 11 23:55:16 2023       ;
; Quartus II 64-Bit Version       ; 14.1.0 Build 186 12/03/2014 SJ Full Version ;
; Revision Name                   ; top                                         ;
; Top-level Entity Name           ; top                                         ;
; Family                          ; Cyclone V                                   ;
; Device                          ; 5CSEMA5F31C6                                ;
; Timing Models                   ; Final                                       ;
; Logic utilization (in ALMs)     ; 6,506 / 32,070 ( 20 % )                     ;
; Total registers                 ; 11135                                       ;
; Total pins                      ; 103 / 457 ( 23 % )                          ;
; Total virtual pins              ; 0                                           ;
; Total block memory bits         ; 171,968 / 4,065,280 ( 4 % )                 ;
; Total DSP Blocks                ; 3 / 87 ( 3 % )                              ;
; Total HSSI RX PCSs              ; 0                                           ;
; Total HSSI PMA RX Deserializers ; 0                                           ;
; Total HSSI TX PCSs              ; 0                                           ;
; Total HSSI PMA TX Serializers   ; 0                                           ;
; Total PLLs                      ; 2 / 6 ( 33 % )                              ;
; Total DLLs                      ; 1 / 4 ( 25 % )                              ;
+---------------------------------+---------------------------------------------+


+-----------------------------------------+
; Flow Settings                           ;
+-------------------+---------------------+
; Option            ; Setting             ;
+-------------------+---------------------+
; Start date & time ; 12/11/2023 23:44:24 ;
; Main task         ; Compilation         ;
; Revision Name     ; top                 ;
+-------------------+---------------------+


+---------------------------------------------------------------------------------------------------------------------------------------------------------------------------------------------------+
; Flow Non-Default Global Settings                                                                                                                                                                  ;
+-------------------------------------------------+----------------------------------------------------------------------+---------------+------------------------------------+---------------------+
; Assignment Name                                 ; Value                                                                ; Default Value ; Entity Name                        ; Section Id          ;
+-------------------------------------------------+----------------------------------------------------------------------+---------------+------------------------------------+---------------------+
; ALLOW_SHIFT_REGISTER_MERGING_ACROSS_HIERARCHIES ; Off                                                                  ; Auto          ; --                                 ; --                  ;
; AUTO_PARALLEL_SYNTHESIS                         ; Off                                                                  ; On            ; --                                 ; --                  ;
; COMPILER_SIGNATURE_ID                           ; 0.170233826425176                                                    ; --            ; --                                 ; --                  ;
; DISABLE_REGISTER_MERGING_ACROSS_HIERARCHIES     ; On                                                                   ; Auto          ; --                                 ; --                  ;
; FITTER_EFFORT                                   ; Standard Fit                                                         ; Auto Fit      ; --                                 ; --                  ;
; FIT_ONLY_ONE_ATTEMPT                            ; On                                                                   ; Off           ; --                                 ; --                  ;
; FLOW_DISABLE_ASSEMBLER                          ; On                                                                   ; Off           ; --                                 ; --                  ;
; HPS_ISW_FILE                                    ; system/synthesis/submodules/sequencer/sdram_io.pre.h                 ; --            ; system_acl_iface_hps_hps_io_border ; --                  ;
; HPS_ISW_FILE                                    ; system/synthesis/submodules/sequencer/sequencer_auto_ac_init.pre.c   ; --            ; system_acl_iface_hps_hps_io_border ; --                  ;
; HPS_ISW_FILE                                    ; system/synthesis/submodules/sequencer/tclrpt.pre.h                   ; --            ; system_acl_iface_hps_hps_io_border ; --                  ;
; HPS_ISW_FILE                                    ; system/synthesis/submodules/sequencer/emif.pre.xml                   ; --            ; system_acl_iface_hps_hps_io_border ; --                  ;
; HPS_ISW_FILE                                    ; system/synthesis/submodules/sequencer/sequencer_auto.pre.h           ; --            ; system_acl_iface_hps_hps_io_border ; --                  ;
; HPS_ISW_FILE                                    ; system/synthesis/submodules/sequencer/sequencer.pre.h                ; --            ; system_acl_iface_hps_hps_io_border ; --                  ;
; HPS_ISW_FILE                                    ; system/synthesis/submodules/sequencer/system.pre.h                   ; --            ; system_acl_iface_hps_hps_io_border ; --                  ;
; HPS_ISW_FILE                                    ; system/synthesis/submodules/sequencer/sequencer_defines.pre.h        ; --            ; system_acl_iface_hps_hps_io_border ; --                  ;
; HPS_ISW_FILE                                    ; system/synthesis/submodules/sequencer/tclrpt.pre.c                   ; --            ; system_acl_iface_hps_hps_io_border ; --                  ;
; HPS_ISW_FILE                                    ; system/synthesis/submodules/sequencer/sequencer.pre.c                ; --            ; system_acl_iface_hps_hps_io_border ; --                  ;
; HPS_ISW_FILE                                    ; system/synthesis/submodules/sequencer/sequencer_auto_inst_init.pre.c ; --            ; system_acl_iface_hps_hps_io_border ; --                  ;
; HPS_ISW_FILE                                    ; system/synthesis/submodules/sequencer/alt_types.pre.h                ; --            ; system_acl_iface_hps_hps_io_border ; --                  ;
; HPS_ISW_FILE                                    ; system/synthesis/submodules/hps.pre.xml                              ; --            ; system_acl_iface_hps_hps_io_border ; --                  ;
; HPS_PARTITION                                   ; On                                                                   ; --            ; system_acl_iface_hps_hps_io_border ; --                  ;
; MAX_CORE_JUNCTION_TEMP                          ; 85                                                                   ; --            ; --                                 ; --                  ;
; MIN_CORE_JUNCTION_TEMP                          ; 0                                                                    ; --            ; --                                 ; --                  ;
; MISC_FILE                                       ; system/synthesis/../../system.qsys                                   ; --            ; --                                 ; --                  ;
; MISC_FILE                                       ; system/synthesis/submodules/sequencer/sdram_io.pre.h                 ; --            ; --                                 ; --                  ;
; MISC_FILE                                       ; system/synthesis/submodules/sequencer/sequencer_auto_ac_init.pre.c   ; --            ; --                                 ; --                  ;
; MISC_FILE                                       ; system/synthesis/submodules/sequencer/tclrpt.pre.h                   ; --            ; --                                 ; --                  ;
; MISC_FILE                                       ; system/synthesis/submodules/sequencer/emif.pre.xml                   ; --            ; --                                 ; --                  ;
; MISC_FILE                                       ; system/synthesis/submodules/sequencer/sequencer_auto.pre.h           ; --            ; --                                 ; --                  ;
; MISC_FILE                                       ; system/synthesis/submodules/sequencer/sequencer.pre.h                ; --            ; --                                 ; --                  ;
; MISC_FILE                                       ; system/synthesis/submodules/sequencer/system.pre.h                   ; --            ; --                                 ; --                  ;
; MISC_FILE                                       ; system/synthesis/submodules/sequencer/sequencer_defines.pre.h        ; --            ; --                                 ; --                  ;
; MISC_FILE                                       ; system/synthesis/submodules/sequencer/tclrpt.pre.c                   ; --            ; --                                 ; --                  ;
; MISC_FILE                                       ; system/synthesis/submodules/sequencer/sequencer.pre.c                ; --            ; --                                 ; --                  ;
; MISC_FILE                                       ; system/synthesis/submodules/sequencer/sequencer_auto_inst_init.pre.c ; --            ; --                                 ; --                  ;
; MISC_FILE                                       ; system/synthesis/submodules/sequencer/alt_types.pre.h                ; --            ; --                                 ; --                  ;
; MISC_FILE                                       ; system/synthesis/submodules/hps.pre.xml                              ; --            ; --                                 ; --                  ;
; OPTIMIZATION_TECHNIQUE                          ; Speed                                                                ; Balanced      ; --                                 ; --                  ;
; PARTITION_COLOR                                 ; 16764057                                                             ; --            ; --                                 ; Top                 ;
; PARTITION_COLOR                                 ; 39423                                                                ; --            ; --                                 ; acl_iface_partition ;
; PARTITION_FITTER_PRESERVATION_LEVEL             ; PLACEMENT_AND_ROUTING                                                ; --            ; --                                 ; Top                 ;
; PARTITION_NETLIST_TYPE                          ; SOURCE                                                               ; --            ; --                                 ; Top                 ;
; PLACEMENT_EFFORT_MULTIPLIER                     ; 4.0                                                                  ; 1.0           ; --                                 ; --                  ;
; POST_FLOW_SCRIPT_FILE                           ; quartus_cdb:scripts/post_flow.tcl                                    ; --            ; --                                 ; --                  ;
; ROUTER_TIMING_OPTIMIZATION_LEVEL                ; MAXIMUM                                                              ; Normal        ; --                                 ; --                  ;
; SEARCH_PATH                                     ; iface                                                                ; --            ; --                                 ; --                  ;
; SEARCH_PATH                                     ; /usr/local/altera/14.1/hld/ip                                        ; --            ; --                                 ; --                  ;
; SYNTHESIS_ONLY_QIP                              ; On                                                                   ; --            ; --                                 ; --                  ;
; VERILOG_INPUT_VERSION                           ; SystemVerilog_2005                                                   ; Verilog_2001  ; --                                 ; --                  ;
+-------------------------------------------------+----------------------------------------------------------------------+---------------+------------------------------------+---------------------+


+-------------------------------------------------------------------------------------------------------------------------------+
; Flow Elapsed Time                                                                                                             ;
+---------------------------+--------------+-------------------------+---------------------+------------------------------------+
; Module Name               ; Elapsed Time ; Average Processors Used ; Peak Virtual Memory ; Total CPU Time (on all processors) ;
+---------------------------+--------------+-------------------------+---------------------+------------------------------------+
; Analysis & Synthesis      ; 00:01:46     ; 1.0                     ; 1749 MB             ; 00:01:58                           ;
; Fitter                    ; 00:04:14     ; 2.1                     ; 3479 MB             ; 00:08:26                           ;
; TimeQuest Timing Analyzer ; 00:00:57     ; 2.8                     ; 2130 MB             ; 00:01:45                           ;
; MIF/HEX Update            ; 00:00:16     ; 1.0                     ; 1369 MB             ; 00:00:16                           ;
; Assembler                 ; 00:00:16     ; 1.0                     ; 1048 MB             ; 00:00:16                           ;
; TimeQuest Timing Analyzer ; 00:00:38     ; 1.9                     ; 1454 MB             ; 00:00:42                           ;
; Total                     ; 00:08:07     ; --                      ; --                  ; 00:13:23                           ;
+---------------------------+--------------+-------------------------+---------------------+------------------------------------+


+---------------------------------------------------------------------------------------------+
; Flow OS Summary                                                                             ;
+---------------------------+------------------+----------------+------------+----------------+
; Module Name               ; Machine Hostname ; OS Name        ; OS Version ; Processor type ;
+---------------------------+------------------+----------------+------------+----------------+
; Analysis & Synthesis      ; mf-w10-k18       ; Ubuntu 18.04.4 ; 18         ; x86_64         ;
; Fitter                    ; mf-w10-k18       ; Ubuntu 18.04.4 ; 18         ; x86_64         ;
; TimeQuest Timing Analyzer ; mf-w10-k18       ; Ubuntu 18.04.4 ; 18         ; x86_64         ;
; MIF/HEX Update            ; mf-w10-k18       ; Ubuntu 18.04.4 ; 18         ; x86_64         ;
; Assembler                 ; mf-w10-k18       ; Ubuntu 18.04.4 ; 18         ; x86_64         ;
; TimeQuest Timing Analyzer ; mf-w10-k18       ; Ubuntu 18.04.4 ; 18         ; x86_64         ;
+---------------------------+------------------+----------------+------------+----------------+


------------
; Flow Log ;
------------
quartus_map --read_settings_files=on --write_settings_files=off top -c top
quartus_fit --read_settings_files=off --write_settings_files=off top -c top
quartus_sta top -c top
quartus_cdb top -c top --update_mif
quartus_asm --read_settings_files=on --write_settings_files=off top -c top
quartus_sta top -c top --report_script=scripts/failing_clocks.tcl



